<?xml version="1.0" encoding="UTF-8"?>
<testng-results skipped="0" failed="0" ignored="0" total="1" passed="1">
  <reporter-output>
    <line>
      <![CDATA[Chrome LAunched]]>
    </line>
    <line>
      <![CDATA[Logo is verified]]>
    </line>
    <line>
      <![CDATA[Home page title is verified]]>
    </line>
    <line>
      <![CDATA[Browser closed]]>
    </line>
  </reporter-output>
  <suite name="Default suite" duration-ms="20792" started-at="2018-05-20T18:16:23Z" finished-at="2018-05-20T18:16:44Z">
    <groups>
    </groups>
    <test name="Default test" duration-ms="20792" started-at="2018-05-20T18:16:23Z" finished-at="2018-05-20T18:16:44Z">
      <class name="com.actitime.scripts.LoginTest">
        <test-method status="PASS" signature="setUp()[pri:0, instance:com.actitime.scripts.LoginTest@7a1ebcd8]" name="setUp" is-config="true" duration-ms="7989" started-at="2018-05-20T18:16:23Z" finished-at="2018-05-20T18:16:31Z">
          <reporter-output>
            <line>
              <![CDATA[Chrome LAunched]]>
            </line>
          </reporter-output>
        </test-method> <!-- setUp -->
        <test-method status="PASS" signature="validLogin()[pri:0, instance:com.actitime.scripts.LoginTest@7a1ebcd8]" name="validLogin" duration-ms="12598" started-at="2018-05-20T18:16:31Z" finished-at="2018-05-20T18:16:44Z">
          <reporter-output>
            <line>
              <![CDATA[Logo is verified]]>
            </line>
            <line>
              <![CDATA[Home page title is verified]]>
            </line>
          </reporter-output>
        </test-method> <!-- validLogin -->
        <test-method status="PASS" signature="tearDown(org.testng.ITestResult)[pri:0, instance:com.actitime.scripts.LoginTest@7a1ebcd8]" name="tearDown" is-config="true" duration-ms="175" started-at="2018-05-20T18:16:44Z" finished-at="2018-05-20T18:16:44Z">
          <params>
            <param index="0">
              <value>
                <![CDATA[[TestResult name=validLogin status=SUCCESS method=LoginTest.validLogin()[pri:0, instance:com.actitime.scripts.LoginTest@7a1ebcd8] output=Logo is verified]]]>
              </value>
            </param>
          </params>
          <reporter-output>
            <line>
              <![CDATA[Browser closed]]>
            </line>
          </reporter-output>
        </test-method> <!-- tearDown -->
      </class> <!-- com.actitime.scripts.LoginTest -->
    </test> <!-- Default test -->
  </suite> <!-- Default suite -->
</testng-results>
