<?xml version="1.0" encoding="UTF-8"?>
<testng-results skipped="0" failed="0" ignored="0" total="1" passed="1">
  <reporter-output>
    <line>
      <![CDATA[Chrome LAunched]]>
    </line>
    <line>
      <![CDATA[Browser closed]]>
    </line>
  </reporter-output>
  <suite name="Default suite" duration-ms="122764" started-at="2021-04-04T06:27:34Z" finished-at="2021-04-04T06:29:37Z">
    <groups>
    </groups>
    <test name="Default test" duration-ms="122764" started-at="2021-04-04T06:27:34Z" finished-at="2021-04-04T06:29:37Z">
      <class name="com.actitime.Testscripts.CreateProject_ID">
        <test-method status="PASS" signature="setUp()[pri:0, instance:com.actitime.Testscripts.CreateProject_ID@6d00a15d]" name="setUp" is-config="true" duration-ms="38356" started-at="2021-04-04T11:57:34Z" finished-at="2021-04-04T11:58:12Z">
          <reporter-output>
            <line>
              <![CDATA[Chrome LAunched]]>
            </line>
          </reporter-output>
        </test-method> <!-- setUp -->
        <test-method status="PASS" signature="createProject()[pri:0, instance:com.actitime.Testscripts.CreateProject_ID@6d00a15d]" name="createProject" duration-ms="80302" started-at="2021-04-04T11:58:12Z" finished-at="2021-04-04T11:59:33Z">
          <reporter-output>
          </reporter-output>
        </test-method> <!-- createProject -->
        <test-method status="PASS" signature="tearDown(org.testng.ITestResult)[pri:0, instance:com.actitime.Testscripts.CreateProject_ID@6d00a15d]" name="tearDown" is-config="true" duration-ms="4044" started-at="2021-04-04T11:59:33Z" finished-at="2021-04-04T11:59:37Z">
          <params>
            <param index="0">
              <value>
                <![CDATA[[TestResult name=createProject status=SUCCESS method=CreateProject_ID.createProject()[pri:0, instance:com.actitime.Testscripts.CreateProject_ID@6d00a15d] output={null}]]]>
              </value>
            </param>
          </params>
          <reporter-output>
            <line>
              <![CDATA[Browser closed]]>
            </line>
          </reporter-output>
        </test-method> <!-- tearDown -->
      </class> <!-- com.actitime.Testscripts.CreateProject_ID -->
    </test> <!-- Default test -->
  </suite> <!-- Default suite -->
</testng-results>
